<?xml version="1.0" encoding="UTF-8"?>
<!-- Generated by org.testng.reporters.JUnitReportReporter -->
<testsuite name="com.automation.selenium.examples.HelloWorldTest" tests="1" time="0.002" ignored="0" failures="0" timestamp="28 Dec 2016 06:33:50 GMT" skipped="0" hostname="PC0E2TS1" errors="0">
  <testcase name="Test" time="0.002" classname="com.automation.selenium.examples.HelloWorldTest"/>
</testsuite> <!-- com.automation.selenium.examples.HelloWorldTest -->
